TN:
SF:src\controllers\authController.js
FN:9,(anonymous_0)
FN:50,(anonymous_1)
FN:84,(anonymous_2)
FNF:3
FNH:3
FNDA:1,(anonymous_0)
FNDA:2,(anonymous_1)
FNDA:1,(anonymous_2)
DA:1,1
DA:2,1
DA:3,1
DA:4,1
DA:6,1
DA:9,1
DA:10,1
DA:11,1
DA:13,1
DA:14,0
DA:17,1
DA:22,1
DA:23,1
DA:26,1
DA:27,1
DA:28,1
DA:38,1
DA:42,1
DA:44,0
DA:45,0
DA:50,1
DA:51,2
DA:52,2
DA:54,2
DA:55,1
DA:58,1
DA:59,1
DA:60,0
DA:63,1
DA:65,1
DA:72,1
DA:76,1
DA:78,0
DA:79,0
DA:84,1
DA:85,1
DA:86,1
DA:88,1
DA:89,0
DA:92,1
DA:93,1
DA:94,0
DA:97,1
DA:98,0
DA:101,1
DA:102,1
DA:103,0
DA:106,1
DA:110,1
DA:112,0
DA:113,0
LF:51
LH:39
BRDA:13,0,0,0
BRDA:13,0,1,1
BRDA:27,1,0,1
BRDA:27,1,1,0
BRDA:54,2,0,1
BRDA:54,2,1,1
BRDA:54,3,0,2
BRDA:54,3,1,2
BRDA:54,3,2,1
BRDA:59,4,0,0
BRDA:59,4,1,1
BRDA:88,5,0,0
BRDA:88,5,1,1
BRDA:88,6,0,1
BRDA:88,6,1,1
BRDA:93,7,0,0
BRDA:93,7,1,1
BRDA:97,8,0,0
BRDA:97,8,1,1
BRDA:102,9,0,0
BRDA:102,9,1,1
BRF:21
BRH:14
end_of_record
TN:
SF:src\controllers\googleAuthController.js
FN:8,(anonymous_0)
FNF:1
FNH:1
FNDA:5,(anonymous_0)
DA:1,1
DA:2,1
DA:3,1
DA:4,1
DA:6,1
DA:8,1
DA:9,5
DA:10,5
DA:11,5
DA:12,1
DA:16,4
DA:20,3
DA:22,3
DA:23,1
DA:26,2
DA:29,2
DA:31,2
DA:33,1
DA:43,1
DA:51,1
DA:52,1
DA:56,2
DA:62,2
DA:74,1
DA:75,1
LF:25
LH:25
BRDA:11,0,0,1
BRDA:11,0,1,4
BRDA:22,1,0,1
BRDA:22,1,1,2
BRDA:22,2,0,3
BRDA:22,2,1,3
BRDA:31,3,0,1
BRDA:31,3,1,1
BRF:8
BRH:8
end_of_record
TN:
SF:src\controllers\mealController.js
FN:3,(anonymous_0)
FN:12,(anonymous_1)
FN:23,(anonymous_2)
FN:32,(anonymous_3)
FN:42,(anonymous_4)
FNF:5
FNH:5
FNDA:2,(anonymous_0)
FNDA:3,(anonymous_1)
FNDA:2,(anonymous_2)
FNDA:3,(anonymous_3)
FNDA:3,(anonymous_4)
DA:1,1
DA:3,1
DA:4,2
DA:5,2
DA:6,1
DA:8,1
DA:12,1
DA:13,3
DA:14,3
DA:15,2
DA:16,1
DA:18,1
DA:23,1
DA:24,2
DA:25,2
DA:26,1
DA:28,1
DA:32,1
DA:33,3
DA:34,3
DA:35,2
DA:36,1
DA:38,1
DA:42,1
DA:43,3
DA:44,3
DA:45,2
DA:46,1
DA:48,1
LF:29
LH:29
BRDA:15,0,0,1
BRDA:15,0,1,1
BRDA:35,1,0,1
BRDA:35,1,1,1
BRDA:45,2,0,1
BRDA:45,2,1,1
BRF:6
BRH:6
end_of_record
TN:
SF:src\controllers\notificationController.js
FN:5,(anonymous_0)
FN:15,(anonymous_1)
FN:25,(anonymous_2)
FN:36,(anonymous_3)
FN:45,(anonymous_4)
FN:56,(anonymous_5)
FNF:6
FNH:6
FNDA:2,(anonymous_0)
FNDA:2,(anonymous_1)
FNDA:3,(anonymous_2)
FNDA:2,(anonymous_3)
FNDA:3,(anonymous_4)
FNDA:3,(anonymous_5)
DA:2,1
DA:5,1
DA:6,2
DA:7,2
DA:8,1
DA:10,1
DA:15,1
DA:16,2
DA:17,2
DA:18,1
DA:20,1
DA:25,1
DA:26,3
DA:27,3
DA:28,2
DA:29,1
DA:31,1
DA:36,1
DA:37,2
DA:38,2
DA:39,1
DA:41,1
DA:45,1
DA:46,3
DA:47,3
DA:48,2
DA:49,1
DA:51,1
DA:56,1
DA:57,3
DA:58,3
DA:59,2
DA:60,1
DA:62,1
LF:34
LH:34
BRDA:28,0,0,1
BRDA:28,0,1,1
BRDA:48,1,0,1
BRDA:48,1,1,1
BRDA:59,2,0,1
BRDA:59,2,1,1
BRF:6
BRH:6
end_of_record
TN:
SF:src\controllers\userController.js
FN:5,(anonymous_0)
FN:14,(anonymous_1)
FN:24,(anonymous_2)
FN:33,(anonymous_3)
FN:43,(anonymous_4)
FN:54,(anonymous_5)
FNF:6
FNH:6
FNDA:2,(anonymous_0)
FNDA:2,(anonymous_1)
FNDA:2,(anonymous_2)
FNDA:2,(anonymous_3)
FNDA:2,(anonymous_4)
FNDA:3,(anonymous_5)
DA:1,1
DA:2,1
DA:3,1
DA:5,1
DA:6,2
DA:7,2
DA:8,1
DA:10,1
DA:14,1
DA:15,2
DA:16,2
DA:17,2
DA:18,1
DA:20,0
DA:24,1
DA:25,2
DA:26,2
DA:27,1
DA:29,1
DA:33,1
DA:34,2
DA:35,2
DA:36,2
DA:37,1
DA:39,0
DA:43,1
DA:44,2
DA:45,2
DA:46,2
DA:47,1
DA:49,0
DA:54,1
DA:55,3
DA:56,3
DA:57,3
DA:58,3
DA:59,3
DA:60,1
DA:63,2
DA:65,1
DA:73,1
DA:79,1
DA:81,1
DA:82,1
DA:84,1
DA:85,1
DA:87,1
DA:89,1
DA:90,1
DA:91,1
LF:50
LH:47
BRDA:17,0,0,1
BRDA:17,0,1,1
BRDA:36,1,0,1
BRDA:36,1,1,1
BRDA:46,2,0,1
BRDA:46,2,1,1
BRDA:59,3,0,1
BRDA:59,3,1,2
BRDA:59,4,0,3
BRDA:59,4,1,2
BRDA:59,4,2,2
BRDA:70,5,0,1
BRDA:70,5,1,1
BRDA:75,6,0,1
BRDA:75,6,1,0
BRDA:76,7,0,1
BRDA:76,7,1,0
BRDA:77,8,0,1
BRDA:77,8,1,0
BRF:19
BRH:16
end_of_record
TN:
SF:src\controllers\userProfileController.js
FN:5,(anonymous_0)
FN:14,(anonymous_1)
FN:25,(anonymous_2)
FN:36,(anonymous_3)
FN:45,(anonymous_4)
FN:55,(anonymous_5)
FNF:6
FNH:6
FNDA:2,(anonymous_0)
FNDA:3,(anonymous_1)
FNDA:3,(anonymous_2)
FNDA:2,(anonymous_3)
FNDA:3,(anonymous_4)
FNDA:3,(anonymous_5)
DA:2,1
DA:5,1
DA:6,2
DA:7,2
DA:8,1
DA:10,1
DA:14,1
DA:15,3
DA:16,3
DA:17,2
DA:18,1
DA:20,1
DA:25,1
DA:26,3
DA:27,3
DA:28,2
DA:29,1
DA:31,1
DA:36,1
DA:37,2
DA:38,2
DA:39,1
DA:41,1
DA:45,1
DA:46,3
DA:47,3
DA:48,2
DA:49,1
DA:51,1
DA:55,1
DA:56,3
DA:57,3
DA:58,2
DA:59,1
DA:61,1
LF:35
LH:35
BRDA:17,0,0,1
BRDA:17,0,1,1
BRDA:28,1,0,1
BRDA:28,1,1,1
BRDA:48,2,0,1
BRDA:48,2,1,1
BRDA:58,3,0,1
BRDA:58,3,1,1
BRF:8
BRH:8
end_of_record
TN:
SF:src\middlewares\authMiddleware.js
FN:3,(anonymous_0)
FNF:1
FNH:1
FNDA:4,(anonymous_0)
DA:1,1
DA:3,1
DA:4,4
DA:5,4
DA:6,2
DA:8,2
DA:9,2
DA:10,2
DA:11,1
DA:12,1
LF:10
LH:10
BRDA:5,0,0,2
BRDA:5,0,1,2
BRDA:5,1,0,4
BRDA:5,1,1,3
BRDA:10,2,0,1
BRDA:10,2,1,1
BRF:6
BRH:6
end_of_record
TN:
SF:src\models\Meal.js
FNF:0
FNH:0
DA:2,3
DA:15,3
DA:26,3
DA:28,3
LF:4
LH:4
BRF:0
BRH:0
end_of_record
TN:
SF:src\models\Notification.js
FNF:0
FNH:0
DA:2,3
DA:16,3
DA:23,3
DA:25,3
LF:4
LH:4
BRF:0
BRH:0
end_of_record
TN:
SF:src\models\User.js
FNF:0
FNH:0
DA:2,4
DA:4,4
DA:19,4
DA:21,4
LF:4
LH:4
BRF:0
BRH:0
end_of_record
TN:
SF:src\models\UserProfile.js
FNF:0
FNH:0
DA:2,3
DA:4,3
DA:16,3
DA:18,3
LF:4
LH:4
BRF:0
BRH:0
end_of_record
TN:
SF:src\repositories\mealRepository.js
FN:5,(anonymous_0)
FN:9,(anonymous_1)
FN:13,(anonymous_2)
FN:18,(anonymous_3)
FN:22,(anonymous_4)
FNF:5
FNH:2
FNDA:1,(anonymous_0)
FNDA:0,(anonymous_1)
FNDA:1,(anonymous_2)
FNDA:0,(anonymous_3)
FNDA:0,(anonymous_4)
DA:2,2
DA:6,1
DA:10,0
DA:14,1
DA:15,1
DA:19,0
DA:23,0
DA:27,2
LF:8
LH:5
BRF:0
BRH:0
end_of_record
TN:
SF:src\repositories\notificationRepository.js
FN:5,(anonymous_0)
FN:9,(anonymous_1)
FN:13,(anonymous_2)
FN:17,(anonymous_3)
FN:22,(anonymous_4)
FN:26,(anonymous_5)
FNF:6
FNH:2
FNDA:1,(anonymous_0)
FNDA:0,(anonymous_1)
FNDA:0,(anonymous_2)
FNDA:1,(anonymous_3)
FNDA:0,(anonymous_4)
FNDA:0,(anonymous_5)
DA:2,2
DA:6,1
DA:10,0
DA:14,0
DA:18,1
DA:19,1
DA:23,0
DA:27,0
DA:31,2
LF:9
LH:5
BRF:0
BRH:0
end_of_record
TN:
SF:src\repositories\userProfileRepository.js
FN:4,(anonymous_0)
FN:8,(anonymous_1)
FN:12,(anonymous_2)
FN:16,(anonymous_3)
FN:20,(anonymous_4)
FN:25,(anonymous_5)
FN:29,(anonymous_6)
FNF:7
FNH:2
FNDA:0,(anonymous_0)
FNDA:1,(anonymous_1)
FNDA:0,(anonymous_2)
FNDA:0,(anonymous_3)
FNDA:1,(anonymous_4)
FNDA:0,(anonymous_5)
FNDA:0,(anonymous_6)
DA:1,2
DA:5,0
DA:9,1
DA:13,0
DA:17,0
DA:21,1
DA:22,1
DA:26,0
DA:30,0
DA:34,2
LF:10
LH:5
BRF:0
BRH:0
end_of_record
TN:
SF:src\repositories\userRepository.js
FN:4,(anonymous_0)
FN:8,(anonymous_1)
FN:12,(anonymous_2)
FN:16,(anonymous_3)
FN:21,(anonymous_4)
FN:25,(anonymous_5)
FNF:6
FNH:2
FNDA:1,(anonymous_0)
FNDA:0,(anonymous_1)
FNDA:0,(anonymous_2)
FNDA:1,(anonymous_3)
FNDA:0,(anonymous_4)
FNDA:0,(anonymous_5)
DA:1,3
DA:5,1
DA:9,0
DA:13,0
DA:17,1
DA:18,1
DA:22,0
DA:26,0
DA:30,3
LF:9
LH:5
BRF:0
BRH:0
end_of_record
TN:
SF:src\utils\authToken.js
FN:3,(anonymous_0)
FN:9,(anonymous_1)
FNF:2
FNH:0
FNDA:0,(anonymous_0)
FNDA:0,(anonymous_1)
DA:1,2
DA:3,2
DA:4,0
DA:9,2
DA:10,0
DA:11,0
DA:13,0
LF:7
LH:3
BRDA:5,0,0,0
BRDA:5,0,1,0
BRF:2
BRH:0
end_of_record
